<?xml version="1.0" encoding="UTF-8"?>
<testsuite xmlns:xsi="http://www.w3.org/2001/XMLSchema-instance" xsi:noNamespaceSchemaLocation="https://maven.apache.org/surefire/maven-surefire-plugin/xsd/surefire-test-report-3.0.xsd" version="3.0" name="com.newportai.liveavatar.channel.model.ImageProtocolTest" time="0.001" tests="10" errors="0" skipped="0" failures="0">
  <properties>
[...]
</properties>
  <testcase name="testLargePayloadLength" classname="com.newportai.liveavatar.channel.model.ImageProtocolTest" time="0.0"/>
  <testcase name="testAutoUpdatePayloadLength" classname="com.newportai.liveavatar.channel.model.ImageProtocolTest" time="0.0"/>
  <testcase name="testImageFrameEncodeAndParse" classname="com.newportai.liveavatar.channel.model.ImageProtocolTest" time="0.0"/>
  <testcase name="testImageFormatFromCode" classname="com.newportai.liveavatar.channel.model.ImageProtocolTest" time="0.0"/>
  <testcase name="testParseTooShortFrame" classname="com.newportai.liveavatar.channel.model.ImageProtocolTest" time="0.0"/>
  <testcase name="testImageFormatValues" classname="com.newportai.liveavatar.channel.model.ImageProtocolTest" time="0.0"/>
  <testcase name="testImageFrameBuilder" classname="com.newportai.liveavatar.channel.model.ImageProtocolTest" time="0.0"/>
  <testcase name="testParseTooShortHeader" classname="com.newportai.liveavatar.channel.model.ImageProtocolTest" time="0.0"/>
  <testcase name="testTypeField" classname="com.newportai.liveavatar.channel.model.ImageProtocolTest" time="0.0"/>
  <testcase name="testImageHeaderEncodeAndParse" classname="com.newportai.liveavatar.channel.model.ImageProtocolTest" time="0.0"/>
</testsuite>